<?xml version="1.0" encoding="UTF-8"?>
<!-- Generated by org.testng.reporters.JUnitReportReporter -->
<testsuite hostname="DESKTOP-CALU88G" failures="0" tests="3" name="lesson18.ParametersClass" time="0.095" errors="0" timestamp="2020-09-08T23:12:48 EDT" skipped="0">
  <testcase classname="lesson18.ParametersClass" name="testLogin2" time="0.006"/>
  <system-out/>
  <testcase classname="lesson18.ParametersClass" name="testLogin3" time="0.036"/>
  <system-out/>
  <testcase classname="lesson18.ParametersClass" name="testLogin" time="0.053"/>
  <system-out/>
</testsuite> <!-- lesson18.ParametersClass -->
