<?xml version="1.0" encoding="UTF-8"?>
<!-- Generated by org.testng.reporters.JUnitReportReporter -->
<testsuite hostname="DESKTOP-CALU88G" failures="0" tests="1" name="lesson20.Iframe" time="22.419" errors="0" timestamp="2020-09-16T15:35:29 EDT" skipped="0">
  <testcase classname="lesson20.Iframe" name="iFrame" time="22.419"/>
  <system-out/>
</testsuite> <!-- lesson20.Iframe -->
