<?xml version="1.0" encoding="UTF-8"?>
<!-- Generated by org.testng.reporters.JUnitReportReporter -->
<testsuite hostname="DESKTOP-CALU88G" failures="0" tests="7" name="lesson18.DataProviderClass" time="0.027" errors="0" timestamp="2020-09-09T14:58:24 EDT" skipped="0">
  <testcase classname="lesson18.DataProviderClass" name="testLogins" time="0.002"/>
  <system-out/>
  <testcase classname="lesson18.DataProviderClass" name="testAccountActions" time="0.002"/>
  <system-out/>
  <testcase classname="lesson18.DataProviderClass" name="testLogins" time="0.002"/>
  <system-out/>
  <testcase classname="lesson18.DataProviderClass" name="testLogins" time="0.002"/>
  <system-out/>
  <testcase classname="lesson18.DataProviderClass" name="testLogins" time="0.001"/>
  <system-out/>
  <testcase classname="lesson18.DataProviderClass" name="testAccountActions" time="0.016"/>
  <system-out/>
  <testcase classname="lesson18.DataProviderClass" name="testAccountActions" time="0.002"/>
  <system-out/>
</testsuite> <!-- lesson18.DataProviderClass -->
