<?xml version="1.0" encoding="UTF-8"?>
<!-- Generated by org.testng.reporters.JUnitReportReporter -->
<testsuite hostname="DESKTOP-CALU88G" failures="0" tests="1" name="lesson19.MultipleClick" time="21.187" errors="0" timestamp="2020-09-14T12:24:41 EDT" skipped="0">
  <testcase classname="lesson19.MultipleClick" name="dropdown" time="21.187"/>
  <system-out/>
</testsuite> <!-- lesson19.MultipleClick -->
