<?xml version="1.0" encoding="UTF-8"?>
<!-- Generated by org.testng.reporters.JUnitReportReporter -->
<testsuite hostname="DESKTOP-CALU88G" failures="0" tests="1" name="lesson20.CalendarElements" time="28.657" errors="0" timestamp="2020-09-16T10:48:39 EDT" skipped="0">
  <testcase classname="lesson20.CalendarElements" name="selcetingDates" time="28.657"/>
  <system-out/>
</testsuite> <!-- lesson20.CalendarElements -->
