<?xml version="1.0" encoding="UTF-8"?>
<!-- Generated by org.testng.reporters.JUnitReportReporter -->
<testsuite hostname="DESKTOP-CALU88G" failures="0" tests="1" name="lesson20.childWindow" time="43.421" errors="0" timestamp="2020-09-30T19:52:13 EDT" skipped="0">
  <testcase classname="lesson20.childWindow" name="childWindows" time="43.421"/>
  <system-out/>
</testsuite> <!-- lesson20.childWindow -->
