<?xml version="1.0" encoding="UTF-8"?>
<!-- Generated by org.testng.reporters.JUnitReportReporter -->
<testsuite hostname="DESKTOP-CALU88G" failures="0" tests="3" name="lesson18.DataProviderChallange" time="0.029" errors="0" timestamp="2020-09-09T14:55:42 EDT" skipped="0">
  <testcase classname="lesson18.DataProviderChallange" name="clientsInfo" time="0.012"/>
  <system-out/>
  <testcase classname="lesson18.DataProviderChallange" name="clientsInfo" time="0.011"/>
  <system-out/>
  <testcase classname="lesson18.DataProviderChallange" name="clientsInfo" time="0.006"/>
  <system-out/>
</testsuite> <!-- lesson18.DataProviderChallange -->
