<?xml version="1.0" encoding="UTF-8"?>
<!-- Generated by org.testng.reporters.JUnitReportReporter -->
<testsuite hostname="DESKTOP-CALU88G" failures="0" tests="1" name="lesson19.Challenge" time="28.104" errors="0" timestamp="2020-09-14T14:41:28 EDT" skipped="0">
  <testcase classname="lesson19.Challenge" name="dropdown" time="28.104"/>
  <system-out/>
</testsuite> <!-- lesson19.Challenge -->
