<?xml version="1.0" encoding="UTF-8"?>
<!-- Generated by org.testng.reporters.JUnitReportReporter -->
<testsuite hostname="DESKTOP-CALU88G" failures="0" tests="12" name="lesson17.CreditTest" time="0.377" errors="0" timestamp="2020-09-09T17:17:01 EDT" skipped="0">
  <testcase classname="lesson17.CreditTest" name="loanTest2" time="0.047"/>
  <system-out/>
  <testcase classname="lesson17.CreditTest" name="creditTest1" time="0.041"/>
  <system-out/>
  <testcase classname="lesson17.CreditTest" name="creditTest2" time="0.120"/>
  <system-out/>
  <testcase classname="lesson17.CreditTest" name="creditTest1" time="0.035"/>
  <system-out/>
  <testcase classname="lesson17.CreditTest" name="creditTest2" time="0.005"/>
  <system-out/>
  <testcase classname="lesson17.CreditTest" name="loanTest1" time="0.010"/>
  <system-out/>
  <testcase classname="lesson17.CreditTest" name="creditTest1" time="0.037"/>
  <system-out/>
  <testcase classname="lesson17.CreditTest" name="loanTest1" time="0.030"/>
  <system-out/>
  <testcase classname="lesson17.CreditTest" name="creditTest2" time="0.020"/>
  <system-out/>
  <testcase classname="lesson17.CreditTest" name="loanTest2" time="0.012"/>
  <system-out/>
  <testcase classname="lesson17.CreditTest" name="loanTest2" time="0.008"/>
  <system-out/>
  <testcase classname="lesson17.CreditTest" name="loanTest1" time="0.012"/>
  <system-out/>
</testsuite> <!-- lesson17.CreditTest -->
