<?xml version="1.0" encoding="UTF-8"?>
<!-- Generated by org.testng.reporters.JUnitReportReporter -->
<testsuite hostname="DESKTOP-CALU88G" failures="0" tests="1" name="lesson20.AssertionClass" time="0.023" errors="0" timestamp="2020-09-16T09:55:58 EDT" skipped="0">
  <testcase classname="lesson20.AssertionClass" name="asserts" time="0.023"/>
  <system-out/>
</testsuite> <!-- lesson20.AssertionClass -->
