<?xml version="1.0" encoding="UTF-8"?>
<!-- Generated by org.testng.reporters.JUnitReportReporter -->
<testsuite hostname="DESKTOP-CALU88G" failures="0" tests="1" name="lesson20.JavaScriptAlerts" time="30.938" errors="0" timestamp="2020-09-16T11:17:28 EDT" skipped="0">
  <testcase classname="lesson20.JavaScriptAlerts" name="alert" time="30.938"/>
  <system-out/>
</testsuite> <!-- lesson20.JavaScriptAlerts -->
