<?xml version="1.0" encoding="UTF-8"?>
<!-- Generated by org.testng.reporters.JUnitReportReporter -->
<testsuite hostname="DESKTOP-CALU88G" failures="0" tests="1" name="lesson20.FrameElement" time="44.957" errors="0" timestamp="2020-09-16T17:30:36 EDT" skipped="0">
  <testcase classname="lesson20.FrameElement" name="iFrame" time="44.957"/>
  <system-out/>
</testsuite> <!-- lesson20.FrameElement -->
