<?xml version="1.0" encoding="UTF-8"?>
<!-- Generated by org.testng.reporters.JUnitReportReporter -->
<testsuite hostname="DESKTOP-CALU88G" failures="0" tests="1" name="lesson20.ActionClass" time="19.215" errors="0" timestamp="2020-09-16T18:35:07 EDT" skipped="0">
  <testcase classname="lesson20.ActionClass" name="actionsClass2" time="19.215"/>
  <system-out/>
</testsuite> <!-- lesson20.ActionClass -->
